<?xml version="1.0" encoding="UTF-8"?>
<!-- Generated by org.testng.reporters.JUnitXMLReporter -->
<testsuite ignored="0" hostname="DESKTOP-MNK2190" failures="2" tests="2" name="Test-chrome" time="0.084" errors="0" timestamp="05 Aug 2021 17:20:18 GMT">
  <testcase classname="sauceLabs.BaseTest" name="@AfterTest tearDown" time="0.001">
    <failure type="java.lang.NullPointerException" message="Cannot invoke &amp;quot;org.openqa.selenium.WebDriver.quit()&amp;quot; because &amp;quot;sauceLabs.BaseTest.driver&amp;quot; is null">
      <![CDATA[java.lang.NullPointerException: Cannot invoke "org.openqa.selenium.WebDriver.quit()" because "sauceLabs.BaseTest.driver" is null
at sauceLabs.BaseTest.tearDown(BaseTest.java:31)
at java.base/java.util.concurrent.FutureTask.run(FutureTask.java:264)
at java.base/java.util.concurrent.ThreadPoolExecutor.runWorker(ThreadPoolExecutor.java:1130)
at java.base/java.util.concurrent.ThreadPoolExecutor$Worker.run(ThreadPoolExecutor.java:630)
at java.base/java.lang.Thread.run(Thread.java:831)
... Removed 15 stack frames]]>
    </failure>
  </testcase> <!-- @AfterTest tearDown -->
  <testcase classname="sauceLabs.BaseTest" name="@AfterTest tearDown" time="0.0">
    <failure type="java.lang.NullPointerException" message="Cannot invoke &amp;quot;org.openqa.selenium.WebDriver.quit()&amp;quot; because &amp;quot;sauceLabs.BaseTest.driver&amp;quot; is null">
      <![CDATA[java.lang.NullPointerException: Cannot invoke "org.openqa.selenium.WebDriver.quit()" because "sauceLabs.BaseTest.driver" is null
at sauceLabs.BaseTest.tearDown(BaseTest.java:31)
at java.base/java.util.concurrent.FutureTask.run(FutureTask.java:264)
at java.base/java.util.concurrent.ThreadPoolExecutor.runWorker(ThreadPoolExecutor.java:1130)
at java.base/java.util.concurrent.ThreadPoolExecutor$Worker.run(ThreadPoolExecutor.java:630)
at java.base/java.lang.Thread.run(Thread.java:831)
... Removed 15 stack frames]]>
    </failure>
  </testcase> <!-- @AfterTest tearDown -->
  <testcase classname="sauceLabs.BaseTest" name="ImageTest" time="0.007">
    <failure type="java.lang.NullPointerException" message="Cannot invoke &amp;quot;org.openqa.selenium.WebDriver.get(String)&amp;quot; because &amp;quot;sauceLabs.BaseTest.driver&amp;quot; is null">
      <![CDATA[java.lang.NullPointerException: Cannot invoke "org.openqa.selenium.WebDriver.get(String)" because "sauceLabs.BaseTest.driver" is null
at sauceLabs.BaseTest.ImageTest(BaseTest.java:85)
at java.base/java.util.concurrent.FutureTask.run(FutureTask.java:264)
at java.base/java.util.concurrent.ThreadPoolExecutor.runWorker(ThreadPoolExecutor.java:1130)
at java.base/java.util.concurrent.ThreadPoolExecutor$Worker.run(ThreadPoolExecutor.java:630)
at java.base/java.lang.Thread.run(Thread.java:831)
... Removed 16 stack frames]]>
    </failure>
  </testcase> <!-- ImageTest -->
  <testcase classname="sauceLabs.BaseTest" name="buttonTest" time="0.002">
    <failure type="java.lang.NullPointerException" message="Cannot invoke &amp;quot;org.openqa.selenium.WebDriver.get(String)&amp;quot; because &amp;quot;sauceLabs.BaseTest.driver&amp;quot; is null">
      <![CDATA[java.lang.NullPointerException: Cannot invoke "org.openqa.selenium.WebDriver.get(String)" because "sauceLabs.BaseTest.driver" is null
at sauceLabs.BaseTest.buttonTest(BaseTest.java:97)
at java.base/java.util.concurrent.FutureTask.run(FutureTask.java:264)
at java.base/java.util.concurrent.ThreadPoolExecutor.runWorker(ThreadPoolExecutor.java:1130)
at java.base/java.util.concurrent.ThreadPoolExecutor$Worker.run(ThreadPoolExecutor.java:630)
at java.base/java.lang.Thread.run(Thread.java:831)
... Removed 16 stack frames]]>
    </failure>
  </testcase> <!-- buttonTest -->
</testsuite> <!-- Test-chrome -->
